<?xml version="1.0" encoding="UTF-8"?>
<testng-results ignored="0" total="2" passed="2" failed="0" skipped="0">
  <reporter-output>
  </reporter-output>
  <suite started-at="2022-03-21T12:51:03 MDT" name="Default suite" finished-at="2022-03-21T12:51:21 MDT" duration-ms="17779">
    <groups>
    </groups>
    <test started-at="2022-03-21T12:51:03 MDT" name="Default test" finished-at="2022-03-21T12:51:21 MDT" duration-ms="17779">
      <class name="seleniumTest.Products">
        <test-method signature="launchbrowser()[pri:0, instance:seleniumTest.Products@48974e45]" started-at="2022-03-21T12:51:03 MDT" name="launchbrowser" finished-at="2022-03-21T12:51:19 MDT" duration-ms="15483" status="PASS">
          <reporter-output>
          </reporter-output>
        </test-method> <!-- launchbrowser -->
        <test-method signature="usernamePassword()[pri:0, instance:seleniumTest.Products@48974e45]" started-at="2022-03-21T12:51:19 MDT" name="usernamePassword" finished-at="2022-03-21T12:51:21 MDT" duration-ms="2232" status="PASS">
          <reporter-output>
          </reporter-output>
        </test-method> <!-- usernamePassword -->
      </class> <!-- seleniumTest.Products -->
    </test> <!-- Default test -->
  </suite> <!-- Default suite -->
</testng-results>
